<?xml version="1.0" encoding="UTF-8"?>
<!-- Generated by org.testng.reporters.JUnitXMLReporter -->
<testsuite ignored="2" hostname="DESKTOP-N8OOENM" failures="1" tests="5" name="Test1(failed)" time="16.871" errors="0" timestamp="2020-06-12T10:25:43 IST">
  <testcase classname="com.floweraura.test.ShriramLifeSuperIncomeplanImage_InHomeTest" name="shriramLifeSuperIncomeplanImage_InHomePage" time="10.586">
    <failure type="java.lang.AssertionError" message="expected [WHO WE AREk] but found [WHO WE ARE]">
      <![CDATA[java.lang.AssertionError: expected [WHO WE AREk] but found [WHO WE ARE]
at com.floweraura.page.ShriramLifeSuperIncomeplanImage_InHomePage.secondImageMobileNumberTextBox(ShriramLifeSuperIncomeplanImage_InHomePage.java:35)
at com.floweraura.test.ShriramLifeSuperIncomeplanImage_InHomeTest.shriramLifeSuperIncomeplanImage_InHomePage(ShriramLifeSuperIncomeplanImage_InHomeTest.java:13)
at java.base/java.util.ArrayList.forEach(ArrayList.java:1507)
... Removed 32 stack frames]]>
    </failure>
  </testcase> <!-- shriramLifeSuperIncomeplanImage_InHomePage -->
  <testcase classname="com.floweraura.test.DynamicImagesHeadText" name="allImageHeadText" time="0.324"/>
  <testcase classname="com.floweraura.test.DynamicImagesHeadText" name="allImage_KnowMore_Link" time="0.283"/>
  <testcase classname="com.floweraura.test.DynamicImagesHeadText" name="subText" time="0.667"/>
  <testcase classname="com.floweraura.test.DynamicImagesHeadText" name="allImageul_ListText" time="2.615"/>
  <testcase classname="com.floweraura.test.BaseTest" name="@BeforeSuite launchBrowsers" time="0.0">
    <ignored/>
  </testcase> <!-- @BeforeSuite launchBrowsers -->
  <testcase classname="com.floweraura.test.BaseTest" name="@AfterSuite bowserClose" time="0.0">
    <ignored/>
  </testcase> <!-- @AfterSuite bowserClose -->
</testsuite> <!-- Test1(failed) -->
